Using pre-set license
Built from '2021.1/staging' branch; Version is '2021.1.5f1 (3737af19df53) revision 3618735'; Using compiler version '192528614'; Build Type 'Release'
OS: 'Windows 10 Pro; OS build 19044.1645; Version 2009; 64bit' Language: 'en' Physical Memory: 8109 MB
BatchMode: 1, IsHumanControllingUs: 0, StartBugReporterOnCrash: 0, Is64bit: 1, IsPro: 0

 COMMAND LINE ARGUMENTS:
C:\Program Files\Unity\Hub\Editor\2021.1.5f1\Editor\Unity.exe
-adb2
-batchMode
-noUpm
-name
AssetImportWorker0
-projectPath
C:/Users/mikez/Unity Projects/Shmup Proto v2
-logFile
Logs/AssetImportWorker0.log
-srvPort
49946
Successfully changed project path to: C:/Users/mikez/Unity Projects/Shmup Proto v2
C:/Users/mikez/Unity Projects/Shmup Proto v2
Using Asset Import Pipeline V2.
Refreshing native plugins compatible for Editor in 107.66 ms, found 1 plugins.
Preloading 0 native plugins for Editor in 0.00 ms.
Initialize engine version: 2021.1.5f1 (3737af19df53)
[Subsystems] Discovering subsystems at path C:/Program Files/Unity/Hub/Editor/2021.1.5f1/Editor/Data/Resources/UnitySubsystems
[Subsystems] Discovering subsystems at path C:/Users/mikez/Unity Projects/Shmup Proto v2/Assets
GfxDevice: creating device client; threaded=0; jobified=0
Direct3D:
    Version:  Direct3D 11.0 [level 11.1]
    Renderer: Intel(R) Iris(R) Plus Graphics 640 (ID=0x5926)
    Vendor:   Intel
    VRAM:     4054 MB
    Driver:   27.20.100.8682
Initialize mono
Mono path[0] = 'C:/Program Files/Unity/Hub/Editor/2021.1.5f1/Editor/Data/Managed'
Mono path[1] = 'C:/Program Files/Unity/Hub/Editor/2021.1.5f1/Editor/Data/MonoBleedingEdge/lib/mono/unityjit'
Mono config path = 'C:/Program Files/Unity/Hub/Editor/2021.1.5f1/Editor/Data/MonoBleedingEdge/etc'
Using monoOptions --debugger-agent=transport=dt_socket,embedding=1,server=y,suspend=n,address=127.0.0.1:56108
Begin MonoManager ReloadAssembly
Registering precompiled unity dll's ...
Register platform support module: C:/Program Files/Unity/Hub/Editor/2021.1.5f1/Editor/Data/PlaybackEngines/WindowsStandaloneSupport/UnityEditor.WindowsStandalone.Extensions.dll
Registered in 0.001957 seconds.
Native extension for WindowsStandalone target not found
Refreshing native plugins compatible for Editor in 113.18 ms, found 1 plugins.
Preloading 0 native plugins for Editor in 0.00 ms.
Mono: successfully reloaded assembly
- Completed reload, in  1.931 seconds
Platform modules already initialized, skipping
Registering precompiled user dll's ...
Registered in 0.004053 seconds.
Begin MonoManager ReloadAssembly
Native extension for WindowsStandalone target not found
Refreshing native plugins compatible for Editor in 111.12 ms, found 1 plugins.
Preloading 0 native plugins for Editor in 0.00 ms.
Mono: successfully reloaded assembly
- Completed reload, in  1.286 seconds
Platform modules already initialized, skipping
========================================================================
Worker process is ready to serve import requests
Shader 'Universal Render Pipeline/Particles/Lit': fallback shader 'Universal Render Pipeline/Particles/SimpleLit' not found
Shader 'Universal Render Pipeline/Particles/Lit': fallback shader 'Universal Render Pipeline/Particles/SimpleLit' not found
Launched and connected shader compiler UnityShaderCompiler.exe after 0.05 seconds
Refreshing native plugins compatible for Editor in 0.81 ms, found 1 plugins.
Preloading 0 native plugins for Editor in 0.00 ms.
Unloading 4017 Unused Serialized files (Serialized files now loaded: 0)
System memory in use before: 160.3 MB.
System memory in use after: 157.8 MB.

Unloading 46 unused Assets to reduce memory usage. Loaded Objects now: 4442.
Total: 4.330900 ms (FindLiveObjects: 0.315200 ms CreateObjectMapping: 0.220500 ms MarkObjects: 2.612600 ms  DeleteObjects: 1.181500 ms)

========================================================================
Received Import Request.
  path: Assets/Prefabs/S-Flyer.prefab
  artifactKey: Guid(0355d12fb37d1034493440b3d5773877) Importer(815301076,1909f56bfc062723c751e8b465ee728b)
Start importing Assets/Prefabs/S-Flyer.prefab using Guid(0355d12fb37d1034493440b3d5773877) Importer(815301076,1909f56bfc062723c751e8b465ee728b)  -> (artifact id: '68c5c37e977ca9beceb5f4e23d626ea4') in 0.308825 seconds 
========================================================================
Received Prepare
Shader 'Universal Render Pipeline/Particles/Lit': fallback shader 'Universal Render Pipeline/Particles/SimpleLit' not found
Shader 'Universal Render Pipeline/Particles/Lit': fallback shader 'Universal Render Pipeline/Particles/SimpleLit' not found
Refreshing native plugins compatible for Editor in 2.50 ms, found 1 plugins.
Preloading 0 native plugins for Editor in 0.00 ms.
Unloading 39 Unused Serialized files (Serialized files now loaded: 0)
System memory in use before: 84.8 MB.
System memory in use after: 82.3 MB.

Unloading 39 unused Assets to reduce memory usage. Loaded Objects now: 4515.
Total: 5.350800 ms (FindLiveObjects: 0.512600 ms CreateObjectMapping: 0.386500 ms MarkObjects: 3.213200 ms  DeleteObjects: 1.237500 ms)

========================================================================
Received Import Request.
  Time since last request: 116.175775 seconds.
  path: Assets/Materials/DynamicRainbow_Shader.shadergraph
  artifactKey: Guid(fb44b62596a22454fb02f96a0aabce36) Importer(815301076,1909f56bfc062723c751e8b465ee728b)
Start importing Assets/Materials/DynamicRainbow_Shader.shadergraph using Guid(fb44b62596a22454fb02f96a0aabce36) Importer(815301076,1909f56bfc062723c751e8b465ee728b)  -> (artifact id: 'd7b96aad0bcb9384e4880284b29c48e4') in 0.021381 seconds 
========================================================================
Received Import Request.
  Time since last request: 26.074507 seconds.
  path: Assets/Materials/DynamicRainbow_Material.mat
  artifactKey: Guid(6321ee9ce3c687b43a4cfa8a219a4acf) Importer(815301076,1909f56bfc062723c751e8b465ee728b)
Start importing Assets/Materials/DynamicRainbow_Material.mat using Guid(6321ee9ce3c687b43a4cfa8a219a4acf) Importer(815301076,1909f56bfc062723c751e8b465ee728b)  -> (artifact id: 'a08a2051504907b208a13dba0524b1ce') in 0.303920 seconds 
========================================================================
Received Prepare
Registering precompiled user dll's ...
Registered in 0.005773 seconds.
Begin MonoManager ReloadAssembly
Native extension for WindowsStandalone target not found
Refreshing native plugins compatible for Editor in 1.75 ms, found 1 plugins.
Preloading 0 native plugins for Editor in 0.00 ms.
Mono: successfully reloaded assembly
- Completed reload, in  1.544 seconds
Platform modules already initialized, skipping
Shader 'Universal Render Pipeline/Particles/Lit': fallback shader 'Universal Render Pipeline/Particles/SimpleLit' not found
Shader 'Universal Render Pipeline/Particles/Lit': fallback shader 'Universal Render Pipeline/Particles/SimpleLit' not found
Refreshing native plugins compatible for Editor in 1.14 ms, found 1 plugins.
Preloading 0 native plugins for Editor in 0.00 ms.
Unloading 3927 Unused Serialized files (Serialized files now loaded: 0)
System memory in use before: 162.0 MB.
System memory in use after: 159.5 MB.

Unloading 41 unused Assets to reduce memory usage. Loaded Objects now: 4526.
Total: 6.765400 ms (FindLiveObjects: 0.567400 ms CreateObjectMapping: 0.402700 ms MarkObjects: 4.200600 ms  DeleteObjects: 1.593300 ms)

========================================================================
Received Prepare
Registering precompiled user dll's ...
Registered in 0.005198 seconds.
Begin MonoManager ReloadAssembly
Native extension for WindowsStandalone target not found
Refreshing native plugins compatible for Editor in 1.30 ms, found 1 plugins.
Preloading 0 native plugins for Editor in 0.00 ms.
Mono: successfully reloaded assembly
- Completed reload, in  1.356 seconds
Platform modules already initialized, skipping
Shader 'Universal Render Pipeline/Particles/Lit': fallback shader 'Universal Render Pipeline/Particles/SimpleLit' not found
Shader 'Universal Render Pipeline/Particles/Lit': fallback shader 'Universal Render Pipeline/Particles/SimpleLit' not found
Refreshing native plugins compatible for Editor in 0.85 ms, found 1 plugins.
Preloading 0 native plugins for Editor in 0.00 ms.
Unloading 3926 Unused Serialized files (Serialized files now loaded: 0)
System memory in use before: 161.9 MB.
System memory in use after: 159.4 MB.

Unloading 41 unused Assets to reduce memory usage. Loaded Objects now: 4529.
Total: 10.519000 ms (FindLiveObjects: 0.411500 ms CreateObjectMapping: 0.236700 ms MarkObjects: 7.352700 ms  DeleteObjects: 2.516600 ms)

========================================================================
Received Prepare
Registering precompiled user dll's ...
Registered in 0.003655 seconds.
Begin MonoManager ReloadAssembly
Native extension for WindowsStandalone target not found
Refreshing native plugins compatible for Editor in 0.97 ms, found 1 plugins.
Preloading 0 native plugins for Editor in 0.00 ms.
Mono: successfully reloaded assembly
- Completed reload, in  1.516 seconds
Platform modules already initialized, skipping
Shader 'Universal Render Pipeline/Particles/Lit': fallback shader 'Universal Render Pipeline/Particles/SimpleLit' not found
Shader 'Universal Render Pipeline/Particles/Lit': fallback shader 'Universal Render Pipeline/Particles/SimpleLit' not found
Refreshing native plugins compatible for Editor in 1.51 ms, found 1 plugins.
Preloading 0 native plugins for Editor in 0.00 ms.
Unloading 3926 Unused Serialized files (Serialized files now loaded: 0)
System memory in use before: 161.9 MB.
System memory in use after: 159.4 MB.

Unloading 41 unused Assets to reduce memory usage. Loaded Objects now: 4532.
Total: 6.873500 ms (FindLiveObjects: 0.545200 ms CreateObjectMapping: 0.301100 ms MarkObjects: 4.217300 ms  DeleteObjects: 1.808200 ms)

========================================================================
Received Prepare
Registering precompiled user dll's ...
Registered in 0.004211 seconds.
Begin MonoManager ReloadAssembly
Native extension for WindowsStandalone target not found
Refreshing native plugins compatible for Editor in 1.34 ms, found 1 plugins.
Preloading 0 native plugins for Editor in 0.00 ms.
Mono: successfully reloaded assembly
- Completed reload, in  1.235 seconds
Platform modules already initialized, skipping
Shader 'Universal Render Pipeline/Particles/Lit': fallback shader 'Universal Render Pipeline/Particles/SimpleLit' not found
Shader 'Universal Render Pipeline/Particles/Lit': fallback shader 'Universal Render Pipeline/Particles/SimpleLit' not found
Refreshing native plugins compatible for Editor in 0.79 ms, found 1 plugins.
Preloading 0 native plugins for Editor in 0.00 ms.
Unloading 3926 Unused Serialized files (Serialized files now loaded: 0)
System memory in use before: 161.9 MB.
System memory in use after: 159.4 MB.

Unloading 41 unused Assets to reduce memory usage. Loaded Objects now: 4535.
Total: 4.658800 ms (FindLiveObjects: 0.365700 ms CreateObjectMapping: 0.198700 ms MarkObjects: 2.759500 ms  DeleteObjects: 1.333400 ms)

========================================================================
Received Import Request.
  Time since last request: 788.186091 seconds.
  path: Assets/Materials/DynamicRainbow_Shader.shadergraph
  artifactKey: Guid(fb44b62596a22454fb02f96a0aabce36) Importer(815301076,1909f56bfc062723c751e8b465ee728b)
Start importing Assets/Materials/DynamicRainbow_Shader.shadergraph using Guid(fb44b62596a22454fb02f96a0aabce36) Importer(815301076,1909f56bfc062723c751e8b465ee728b)  -> (artifact id: '40682cfd589acf2075a91b8538bc82bf') in 0.048945 seconds 
========================================================================
Received Prepare
Registering precompiled user dll's ...
Registered in 0.021979 seconds.
Begin MonoManager ReloadAssembly
Native extension for WindowsStandalone target not found
Refreshing native plugins compatible for Editor in 0.88 ms, found 1 plugins.
Preloading 0 native plugins for Editor in 0.00 ms.
Mono: successfully reloaded assembly
- Completed reload, in  1.341 seconds
Platform modules already initialized, skipping
Shader 'Universal Render Pipeline/Particles/Lit': fallback shader 'Universal Render Pipeline/Particles/SimpleLit' not found
Shader 'Universal Render Pipeline/Particles/Lit': fallback shader 'Universal Render Pipeline/Particles/SimpleLit' not found
Refreshing native plugins compatible for Editor in 0.90 ms, found 1 plugins.
Preloading 0 native plugins for Editor in 0.00 ms.
Unloading 3926 Unused Serialized files (Serialized files now loaded: 0)
System memory in use before: 161.9 MB.
System memory in use after: 159.4 MB.

Unloading 41 unused Assets to reduce memory usage. Loaded Objects now: 4538.
Total: 6.091700 ms (FindLiveObjects: 0.489300 ms CreateObjectMapping: 0.336500 ms MarkObjects: 3.647400 ms  DeleteObjects: 1.616900 ms)

========================================================================
Received Prepare
Registering precompiled user dll's ...
Registered in 0.005320 seconds.
Begin MonoManager ReloadAssembly
Native extension for WindowsStandalone target not found
Refreshing native plugins compatible for Editor in 0.79 ms, found 1 plugins.
Preloading 0 native plugins for Editor in 0.00 ms.
Mono: successfully reloaded assembly
- Completed reload, in  1.270 seconds
Platform modules already initialized, skipping
Shader 'Universal Render Pipeline/Particles/Lit': fallback shader 'Universal Render Pipeline/Particles/SimpleLit' not found
Shader 'Universal Render Pipeline/Particles/Lit': fallback shader 'Universal Render Pipeline/Particles/SimpleLit' not found
Refreshing native plugins compatible for Editor in 0.79 ms, found 1 plugins.
Preloading 0 native plugins for Editor in 0.00 ms.
Unloading 3926 Unused Serialized files (Serialized files now loaded: 0)
System memory in use before: 161.9 MB.
System memory in use after: 159.4 MB.

Unloading 41 unused Assets to reduce memory usage. Loaded Objects now: 4541.
Total: 5.260000 ms (FindLiveObjects: 0.389200 ms CreateObjectMapping: 0.229500 ms MarkObjects: 2.943100 ms  DeleteObjects: 1.696800 ms)

========================================================================
Received Import Request.
  Time since last request: 1069.969758 seconds.
  path: Assets/Materials/Purple-Blue.mat
  artifactKey: Guid(f187d7bbff2b756468fc81af4d8971ec) Importer(815301076,1909f56bfc062723c751e8b465ee728b)
Start importing Assets/Materials/Purple-Blue.mat using Guid(f187d7bbff2b756468fc81af4d8971ec) Importer(815301076,1909f56bfc062723c751e8b465ee728b)  -> (artifact id: 'aa3c5d68bd9fefb4b8b40314dacc66a3') in 0.217471 seconds 
========================================================================
Received Prepare
Registering precompiled user dll's ...
Registered in 0.003274 seconds.
Begin MonoManager ReloadAssembly
Native extension for WindowsStandalone target not found
Refreshing native plugins compatible for Editor in 0.87 ms, found 1 plugins.
Preloading 0 native plugins for Editor in 0.00 ms.
Mono: successfully reloaded assembly
- Completed reload, in  1.440 seconds
Platform modules already initialized, skipping
Shader 'Universal Render Pipeline/Particles/Lit': fallback shader 'Universal Render Pipeline/Particles/SimpleLit' not found
Shader 'Universal Render Pipeline/Particles/Lit': fallback shader 'Universal Render Pipeline/Particles/SimpleLit' not found
Refreshing native plugins compatible for Editor in 0.93 ms, found 1 plugins.
Preloading 0 native plugins for Editor in 0.00 ms.
Unloading 3926 Unused Serialized files (Serialized files now loaded: 0)
System memory in use before: 162.1 MB.
System memory in use after: 159.6 MB.

Unloading 41 unused Assets to reduce memory usage. Loaded Objects now: 4580.
Total: 6.022400 ms (FindLiveObjects: 0.451700 ms CreateObjectMapping: 0.255700 ms MarkObjects: 2.918100 ms  DeleteObjects: 2.395400 ms)

========================================================================
Received Prepare
Registering precompiled user dll's ...
Registered in 0.004172 seconds.
Begin MonoManager ReloadAssembly
Native extension for WindowsStandalone target not found
Refreshing native plugins compatible for Editor in 0.77 ms, found 1 plugins.
Preloading 0 native plugins for Editor in 0.00 ms.
Mono: successfully reloaded assembly
- Completed reload, in  1.153 seconds
Platform modules already initialized, skipping
Shader 'Universal Render Pipeline/Particles/Lit': fallback shader 'Universal Render Pipeline/Particles/SimpleLit' not found
Shader 'Universal Render Pipeline/Particles/Lit': fallback shader 'Universal Render Pipeline/Particles/SimpleLit' not found
Refreshing native plugins compatible for Editor in 0.78 ms, found 1 plugins.
Preloading 0 native plugins for Editor in 0.00 ms.
Unloading 3926 Unused Serialized files (Serialized files now loaded: 0)
System memory in use before: 162.1 MB.
System memory in use after: 159.6 MB.

Unloading 41 unused Assets to reduce memory usage. Loaded Objects now: 4583.
Total: 6.042400 ms (FindLiveObjects: 0.511500 ms CreateObjectMapping: 0.269600 ms MarkObjects: 3.862400 ms  DeleteObjects: 1.397500 ms)

========================================================================
Received Import Request.
  Time since last request: 405.766736 seconds.
  path: Assets/Materials/Purple-Blue.mat
  artifactKey: Guid(f187d7bbff2b756468fc81af4d8971ec) Importer(815301076,1909f56bfc062723c751e8b465ee728b)
Start importing Assets/Materials/Purple-Blue.mat using Guid(f187d7bbff2b756468fc81af4d8971ec) Importer(815301076,1909f56bfc062723c751e8b465ee728b)  -> (artifact id: 'a5678aa2bd810d58dbc71c318ceae4d6') in 0.270596 seconds 
